[debug] [2024-10-10T03:47:32.835Z] ----------------------------------------------------------------------
[debug] [2024-10-10T03:47:32.857Z] Command:       C:\Program Files\nodejs\node.exe C:\Users\Usuario\AppData\Roaming\npm\node_modules\firebase-tools\lib\bin\firebase.js deploy --only functions
[debug] [2024-10-10T03:47:32.857Z] CLI Version:   13.22.0
[debug] [2024-10-10T03:47:32.858Z] Platform:      win32
[debug] [2024-10-10T03:47:32.858Z] Node Version:  v20.15.1
[debug] [2024-10-10T03:47:32.858Z] Time:          Wed Oct 09 2024 22:47:32 GMT-0500 (hora estándar de Colombia)
[debug] [2024-10-10T03:47:32.858Z] ----------------------------------------------------------------------
[debug] 
[debug] [2024-10-10T03:47:32.991Z] > command requires scopes: ["email","openid","https://www.googleapis.com/auth/cloudplatformprojects.readonly","https://www.googleapis.com/auth/firebase","https://www.googleapis.com/auth/cloud-platform"]
[debug] [2024-10-10T03:47:32.992Z] > authorizing via signed-in user (luisc.herreras@gmail.com)
[debug] [2024-10-10T03:47:32.992Z] [iam] checking project next-inventory-fd1a6 for permissions ["cloudfunctions.functions.create","cloudfunctions.functions.delete","cloudfunctions.functions.get","cloudfunctions.functions.list","cloudfunctions.functions.update","cloudfunctions.operations.get","firebase.projects.get"]
[debug] [2024-10-10T03:47:32.994Z] Checked if tokens are valid: true, expires at: 1728533572125
[debug] [2024-10-10T03:47:32.995Z] Checked if tokens are valid: true, expires at: 1728533572125
[debug] [2024-10-10T03:47:32.996Z] >>> [apiv2][query] POST https://cloudresourcemanager.googleapis.com/v1/projects/next-inventory-fd1a6:testIamPermissions [none]
[debug] [2024-10-10T03:47:32.996Z] >>> [apiv2][(partial)header] POST https://cloudresourcemanager.googleapis.com/v1/projects/next-inventory-fd1a6:testIamPermissions x-goog-quota-user=projects/next-inventory-fd1a6
[debug] [2024-10-10T03:47:32.997Z] >>> [apiv2][body] POST https://cloudresourcemanager.googleapis.com/v1/projects/next-inventory-fd1a6:testIamPermissions {"permissions":["cloudfunctions.functions.create","cloudfunctions.functions.delete","cloudfunctions.functions.get","cloudfunctions.functions.list","cloudfunctions.functions.update","cloudfunctions.operations.get","firebase.projects.get"]}
[debug] [2024-10-10T03:47:33.758Z] <<< [apiv2][status] POST https://cloudresourcemanager.googleapis.com/v1/projects/next-inventory-fd1a6:testIamPermissions 200
[debug] [2024-10-10T03:47:33.759Z] <<< [apiv2][body] POST https://cloudresourcemanager.googleapis.com/v1/projects/next-inventory-fd1a6:testIamPermissions {"permissions":["cloudfunctions.functions.create","cloudfunctions.functions.delete","cloudfunctions.functions.get","cloudfunctions.functions.list","cloudfunctions.functions.update","cloudfunctions.operations.get","firebase.projects.get"]}
[debug] [2024-10-10T03:47:33.760Z] Checked if tokens are valid: true, expires at: 1728533572125
[debug] [2024-10-10T03:47:33.760Z] Checked if tokens are valid: true, expires at: 1728533572125
[debug] [2024-10-10T03:47:33.761Z] >>> [apiv2][query] POST https://iam.googleapis.com/v1/projects/next-inventory-fd1a6/serviceAccounts/next-inventory-fd1a6@appspot.gserviceaccount.com:testIamPermissions [none]
[debug] [2024-10-10T03:47:33.761Z] >>> [apiv2][body] POST https://iam.googleapis.com/v1/projects/next-inventory-fd1a6/serviceAccounts/next-inventory-fd1a6@appspot.gserviceaccount.com:testIamPermissions {"permissions":["iam.serviceAccounts.actAs"]}
[debug] [2024-10-10T03:47:34.299Z] <<< [apiv2][status] POST https://iam.googleapis.com/v1/projects/next-inventory-fd1a6/serviceAccounts/next-inventory-fd1a6@appspot.gserviceaccount.com:testIamPermissions 200
[debug] [2024-10-10T03:47:34.300Z] <<< [apiv2][body] POST https://iam.googleapis.com/v1/projects/next-inventory-fd1a6/serviceAccounts/next-inventory-fd1a6@appspot.gserviceaccount.com:testIamPermissions {"permissions":["iam.serviceAccounts.actAs"]}
[info] 
[info] === Deploying to 'next-inventory-fd1a6'...
[info] 
[info] i  deploying functions 
[info] Running command: npm --prefix "$RESOURCE_DIR" run lint
[info] Running command: npm --prefix "$RESOURCE_DIR" run build
[info] +  functions: Finished running predeploy script. 
[debug] [2024-10-10T03:47:56.705Z] Checked if tokens are valid: true, expires at: 1728533572125
[debug] [2024-10-10T03:47:56.705Z] Checked if tokens are valid: true, expires at: 1728533572125
[debug] [2024-10-10T03:47:56.706Z] >>> [apiv2][query] GET https://firebase.googleapis.com/v1beta1/projects/next-inventory-fd1a6 [none]
[debug] [2024-10-10T03:47:57.084Z] <<< [apiv2][status] GET https://firebase.googleapis.com/v1beta1/projects/next-inventory-fd1a6 200
[debug] [2024-10-10T03:47:57.085Z] <<< [apiv2][body] GET https://firebase.googleapis.com/v1beta1/projects/next-inventory-fd1a6 {"projectId":"next-inventory-fd1a6","projectNumber":"264895563403","displayName":"Next-Inventory","name":"projects/next-inventory-fd1a6","resources":{"hostingSite":"next-inventory-fd1a6","storageBucket":"next-inventory-fd1a6.appspot.com","locationId":"us-central"},"state":"ACTIVE","etag":"1_e1016ae6-74b6-467e-9dd3-1fb7a49d7335"}
[info] i  functions: preparing codebase default for deployment 
[info] i  functions: ensuring required API cloudfunctions.googleapis.com is enabled... 
[debug] [2024-10-10T03:47:57.092Z] Checked if tokens are valid: true, expires at: 1728533572125
[debug] [2024-10-10T03:47:57.092Z] Checked if tokens are valid: true, expires at: 1728533572125
[debug] [2024-10-10T03:47:57.092Z] Checked if tokens are valid: true, expires at: 1728533572125
[debug] [2024-10-10T03:47:57.093Z] Checked if tokens are valid: true, expires at: 1728533572125
[info] i  functions: ensuring required API cloudbuild.googleapis.com is enabled... 
[debug] [2024-10-10T03:47:57.095Z] Checked if tokens are valid: true, expires at: 1728533572125
[debug] [2024-10-10T03:47:57.096Z] Checked if tokens are valid: true, expires at: 1728533572125
[info] i  artifactregistry: ensuring required API artifactregistry.googleapis.com is enabled... 
[debug] [2024-10-10T03:47:57.099Z] Checked if tokens are valid: true, expires at: 1728533572125
[debug] [2024-10-10T03:47:57.099Z] Checked if tokens are valid: true, expires at: 1728533572125
[debug] [2024-10-10T03:47:57.100Z] >>> [apiv2][query] GET https://serviceusage.googleapis.com/v1/projects/next-inventory-fd1a6/services/cloudfunctions.googleapis.com [none]
[debug] [2024-10-10T03:47:57.100Z] >>> [apiv2][(partial)header] GET https://serviceusage.googleapis.com/v1/projects/next-inventory-fd1a6/services/cloudfunctions.googleapis.com x-goog-quota-user=projects/next-inventory-fd1a6
[debug] [2024-10-10T03:47:57.108Z] >>> [apiv2][query] GET https://serviceusage.googleapis.com/v1/projects/next-inventory-fd1a6/services/runtimeconfig.googleapis.com [none]
[debug] [2024-10-10T03:47:57.108Z] >>> [apiv2][(partial)header] GET https://serviceusage.googleapis.com/v1/projects/next-inventory-fd1a6/services/runtimeconfig.googleapis.com x-goog-quota-user=projects/next-inventory-fd1a6
[debug] [2024-10-10T03:47:57.113Z] >>> [apiv2][query] GET https://serviceusage.googleapis.com/v1/projects/next-inventory-fd1a6/services/cloudbuild.googleapis.com [none]
[debug] [2024-10-10T03:47:57.114Z] >>> [apiv2][(partial)header] GET https://serviceusage.googleapis.com/v1/projects/next-inventory-fd1a6/services/cloudbuild.googleapis.com x-goog-quota-user=projects/next-inventory-fd1a6
[debug] [2024-10-10T03:47:57.116Z] >>> [apiv2][query] GET https://serviceusage.googleapis.com/v1/projects/next-inventory-fd1a6/services/artifactregistry.googleapis.com [none]
[debug] [2024-10-10T03:47:57.116Z] >>> [apiv2][(partial)header] GET https://serviceusage.googleapis.com/v1/projects/next-inventory-fd1a6/services/artifactregistry.googleapis.com x-goog-quota-user=projects/next-inventory-fd1a6
[debug] [2024-10-10T03:47:57.843Z] <<< [apiv2][status] GET https://serviceusage.googleapis.com/v1/projects/next-inventory-fd1a6/services/artifactregistry.googleapis.com 200
[debug] [2024-10-10T03:47:57.843Z] <<< [apiv2][body] GET https://serviceusage.googleapis.com/v1/projects/next-inventory-fd1a6/services/artifactregistry.googleapis.com [omitted]
[warn] !  artifactregistry: missing required API artifactregistry.googleapis.com. Enabling now... 
[debug] [2024-10-10T03:47:57.844Z] Checked if tokens are valid: true, expires at: 1728533572125
[debug] [2024-10-10T03:47:57.845Z] Checked if tokens are valid: true, expires at: 1728533572125
[debug] [2024-10-10T03:47:57.845Z] >>> [apiv2][query] POST https://serviceusage.googleapis.com/v1/projects/next-inventory-fd1a6/services/artifactregistry.googleapis.com:enable [none]
[debug] [2024-10-10T03:47:57.845Z] >>> [apiv2][(partial)header] POST https://serviceusage.googleapis.com/v1/projects/next-inventory-fd1a6/services/artifactregistry.googleapis.com:enable x-goog-quota-user=projects/next-inventory-fd1a6
[debug] [2024-10-10T03:47:57.864Z] <<< [apiv2][status] GET https://serviceusage.googleapis.com/v1/projects/next-inventory-fd1a6/services/cloudbuild.googleapis.com 200
[debug] [2024-10-10T03:47:57.864Z] <<< [apiv2][body] GET https://serviceusage.googleapis.com/v1/projects/next-inventory-fd1a6/services/cloudbuild.googleapis.com [omitted]
[warn] !  functions: missing required API cloudbuild.googleapis.com. Enabling now... 
[debug] [2024-10-10T03:47:57.865Z] Checked if tokens are valid: true, expires at: 1728533572125
[debug] [2024-10-10T03:47:57.865Z] Checked if tokens are valid: true, expires at: 1728533572125
[debug] [2024-10-10T03:47:57.865Z] >>> [apiv2][query] POST https://serviceusage.googleapis.com/v1/projects/next-inventory-fd1a6/services/cloudbuild.googleapis.com:enable [none]
[debug] [2024-10-10T03:47:57.865Z] >>> [apiv2][(partial)header] POST https://serviceusage.googleapis.com/v1/projects/next-inventory-fd1a6/services/cloudbuild.googleapis.com:enable x-goog-quota-user=projects/next-inventory-fd1a6
[debug] [2024-10-10T03:47:57.872Z] <<< [apiv2][status] GET https://serviceusage.googleapis.com/v1/projects/next-inventory-fd1a6/services/cloudfunctions.googleapis.com 200
[debug] [2024-10-10T03:47:57.873Z] <<< [apiv2][body] GET https://serviceusage.googleapis.com/v1/projects/next-inventory-fd1a6/services/cloudfunctions.googleapis.com [omitted]
[info] +  functions: required API cloudfunctions.googleapis.com is enabled 
[debug] [2024-10-10T03:47:57.896Z] <<< [apiv2][status] GET https://serviceusage.googleapis.com/v1/projects/next-inventory-fd1a6/services/runtimeconfig.googleapis.com 200
[debug] [2024-10-10T03:47:57.896Z] <<< [apiv2][body] GET https://serviceusage.googleapis.com/v1/projects/next-inventory-fd1a6/services/runtimeconfig.googleapis.com [omitted]
[debug] [2024-10-10T03:47:58.703Z] <<< [apiv2][status] POST https://serviceusage.googleapis.com/v1/projects/next-inventory-fd1a6/services/cloudbuild.googleapis.com:enable 200
[debug] [2024-10-10T03:47:58.703Z] <<< [apiv2][body] POST https://serviceusage.googleapis.com/v1/projects/next-inventory-fd1a6/services/cloudbuild.googleapis.com:enable [omitted]
[debug] [2024-10-10T03:47:58.716Z] <<< [apiv2][status] POST https://serviceusage.googleapis.com/v1/projects/next-inventory-fd1a6/services/artifactregistry.googleapis.com:enable 200
[debug] [2024-10-10T03:47:58.716Z] <<< [apiv2][body] POST https://serviceusage.googleapis.com/v1/projects/next-inventory-fd1a6/services/artifactregistry.googleapis.com:enable [omitted]
[debug] [2024-10-10T03:48:08.712Z] Checked if tokens are valid: true, expires at: 1728533572125
[debug] [2024-10-10T03:48:08.712Z] Checked if tokens are valid: true, expires at: 1728533572125
[debug] [2024-10-10T03:48:08.713Z] >>> [apiv2][query] GET https://serviceusage.googleapis.com/v1/projects/next-inventory-fd1a6/services/cloudbuild.googleapis.com [none]
[debug] [2024-10-10T03:48:08.714Z] >>> [apiv2][(partial)header] GET https://serviceusage.googleapis.com/v1/projects/next-inventory-fd1a6/services/cloudbuild.googleapis.com x-goog-quota-user=projects/next-inventory-fd1a6
[debug] [2024-10-10T03:48:08.727Z] Checked if tokens are valid: true, expires at: 1728533572125
[debug] [2024-10-10T03:48:08.728Z] Checked if tokens are valid: true, expires at: 1728533572125
[debug] [2024-10-10T03:48:08.729Z] >>> [apiv2][query] GET https://serviceusage.googleapis.com/v1/projects/next-inventory-fd1a6/services/artifactregistry.googleapis.com [none]
[debug] [2024-10-10T03:48:08.729Z] >>> [apiv2][(partial)header] GET https://serviceusage.googleapis.com/v1/projects/next-inventory-fd1a6/services/artifactregistry.googleapis.com x-goog-quota-user=projects/next-inventory-fd1a6
[debug] [2024-10-10T03:48:09.369Z] <<< [apiv2][status] GET https://serviceusage.googleapis.com/v1/projects/next-inventory-fd1a6/services/cloudbuild.googleapis.com 200
[debug] [2024-10-10T03:48:09.370Z] <<< [apiv2][body] GET https://serviceusage.googleapis.com/v1/projects/next-inventory-fd1a6/services/cloudbuild.googleapis.com [omitted]
[info] +  functions: required API cloudbuild.googleapis.com is enabled 
[debug] [2024-10-10T03:48:09.426Z] <<< [apiv2][status] GET https://serviceusage.googleapis.com/v1/projects/next-inventory-fd1a6/services/artifactregistry.googleapis.com 200
[debug] [2024-10-10T03:48:09.426Z] <<< [apiv2][body] GET https://serviceusage.googleapis.com/v1/projects/next-inventory-fd1a6/services/artifactregistry.googleapis.com [omitted]
[info] +  artifactregistry: required API artifactregistry.googleapis.com is enabled 
[debug] [2024-10-10T03:48:09.437Z] Checked if tokens are valid: true, expires at: 1728533572125
[debug] [2024-10-10T03:48:09.438Z] Checked if tokens are valid: true, expires at: 1728533572125
[debug] [2024-10-10T03:48:09.438Z] >>> [apiv2][query] GET https://firebase.googleapis.com/v1beta1/projects/next-inventory-fd1a6/adminSdkConfig [none]
[debug] [2024-10-10T03:48:10.020Z] <<< [apiv2][status] GET https://firebase.googleapis.com/v1beta1/projects/next-inventory-fd1a6/adminSdkConfig 200
[debug] [2024-10-10T03:48:10.020Z] <<< [apiv2][body] GET https://firebase.googleapis.com/v1beta1/projects/next-inventory-fd1a6/adminSdkConfig {"projectId":"next-inventory-fd1a6","storageBucket":"next-inventory-fd1a6.appspot.com","locationId":"us-central"}
[debug] [2024-10-10T03:48:10.022Z] Checked if tokens are valid: true, expires at: 1728533572125
[debug] [2024-10-10T03:48:10.023Z] Checked if tokens are valid: true, expires at: 1728533572125
[debug] [2024-10-10T03:48:10.023Z] >>> [apiv2][query] GET https://runtimeconfig.googleapis.com/v1beta1/projects/next-inventory-fd1a6/configs [none]
[debug] [2024-10-10T03:48:10.428Z] <<< [apiv2][status] GET https://runtimeconfig.googleapis.com/v1beta1/projects/next-inventory-fd1a6/configs 200
[debug] [2024-10-10T03:48:10.429Z] <<< [apiv2][body] GET https://runtimeconfig.googleapis.com/v1beta1/projects/next-inventory-fd1a6/configs {}
[debug] [2024-10-10T03:48:10.437Z] Validating nodejs source
[warn] !  functions: package.json indicates an outdated version of firebase-functions. Please upgrade using npm install --save firebase-functions@latest in your functions directory. 
[warn] !  functions: Please note that there will be breaking changes when you upgrade. 
[debug] [2024-10-10T03:48:12.028Z] > [functions] package.json contents: {
  "name": "functions",
  "scripts": {
    "lint": "eslint --ext .js,.ts .",
    "build": "tsc",
    "build:watch": "tsc --watch",
    "serve": "npm run build && firebase emulators:start --only functions",
    "shell": "npm run build && firebase functions:shell",
    "start": "npm run shell",
    "deploy": "firebase deploy --only functions",
    "logs": "firebase functions:log"
  },
  "engines": {
    "node": "18"
  },
  "main": "lib/index.js",
  "dependencies": {
    "firebase-admin": "^12.1.0",
    "firebase-functions": "^5.0.0"
  },
  "devDependencies": {
    "@typescript-eslint/eslint-plugin": "^5.12.0",
    "@typescript-eslint/parser": "^5.12.0",
    "eslint": "^8.9.0",
    "eslint-config-google": "^0.14.0",
    "eslint-plugin-import": "^2.25.4",
    "firebase-functions-test": "^3.1.0",
    "typescript": "^4.9.0"
  },
  "private": true
}
[debug] [2024-10-10T03:48:12.028Z] Building nodejs source
[info] i  functions: Loading and analyzing source code for codebase default to determine what to deploy 
[debug] [2024-10-10T03:48:12.030Z] Could not find functions.yaml. Must use http discovery
[debug] [2024-10-10T03:48:12.047Z] Found firebase-functions binary at 'C:\Users\Usuario\Documents\Platzi\Next Js\next-inventory\next-inventory-app\functions\node_modules\.bin\firebase-functions'
[info] Serving at port 8313

[debug] [2024-10-10T03:48:13.227Z] Got response from /__/functions.yaml {"endpoints":{"setSuperUserClaim":{"platform":"gcfv1","availableMemoryMb":null,"timeoutSeconds":null,"minInstances":null,"maxInstances":null,"ingressSettings":null,"serviceAccountEmail":null,"vpc":null,"httpsTrigger":{},"entryPoint":"setSuperUserClaim"}},"specVersion":"v1alpha1","requiredAPIs":[],"extensions":{}}
[info] i  extensions: ensuring required API firebaseextensions.googleapis.com is enabled... 
[debug] [2024-10-10T03:48:18.295Z] Checked if tokens are valid: true, expires at: 1728533572125
[debug] [2024-10-10T03:48:18.295Z] Checked if tokens are valid: true, expires at: 1728533572125
[debug] [2024-10-10T03:48:18.296Z] >>> [apiv2][query] GET https://serviceusage.googleapis.com/v1/projects/next-inventory-fd1a6/services/firebaseextensions.googleapis.com [none]
[debug] [2024-10-10T03:48:18.296Z] >>> [apiv2][(partial)header] GET https://serviceusage.googleapis.com/v1/projects/next-inventory-fd1a6/services/firebaseextensions.googleapis.com x-goog-quota-user=projects/next-inventory-fd1a6
[debug] [2024-10-10T03:48:18.917Z] <<< [apiv2][status] GET https://serviceusage.googleapis.com/v1/projects/next-inventory-fd1a6/services/firebaseextensions.googleapis.com 200
[debug] [2024-10-10T03:48:18.918Z] <<< [apiv2][body] GET https://serviceusage.googleapis.com/v1/projects/next-inventory-fd1a6/services/firebaseextensions.googleapis.com [omitted]
[warn] !  extensions: missing required API firebaseextensions.googleapis.com. Enabling now... 
[debug] [2024-10-10T03:48:18.923Z] Checked if tokens are valid: true, expires at: 1728533572125
[debug] [2024-10-10T03:48:18.924Z] Checked if tokens are valid: true, expires at: 1728533572125
[debug] [2024-10-10T03:48:18.926Z] >>> [apiv2][query] POST https://serviceusage.googleapis.com/v1/projects/next-inventory-fd1a6/services/firebaseextensions.googleapis.com:enable [none]
[debug] [2024-10-10T03:48:18.927Z] >>> [apiv2][(partial)header] POST https://serviceusage.googleapis.com/v1/projects/next-inventory-fd1a6/services/firebaseextensions.googleapis.com:enable x-goog-quota-user=projects/next-inventory-fd1a6
[debug] [2024-10-10T03:48:19.754Z] <<< [apiv2][status] POST https://serviceusage.googleapis.com/v1/projects/next-inventory-fd1a6/services/firebaseextensions.googleapis.com:enable 200
[debug] [2024-10-10T03:48:19.755Z] <<< [apiv2][body] POST https://serviceusage.googleapis.com/v1/projects/next-inventory-fd1a6/services/firebaseextensions.googleapis.com:enable [omitted]
[debug] [2024-10-10T03:48:29.774Z] Checked if tokens are valid: true, expires at: 1728533572125
[debug] [2024-10-10T03:48:29.775Z] Checked if tokens are valid: true, expires at: 1728533572125
[debug] [2024-10-10T03:48:29.776Z] >>> [apiv2][query] GET https://serviceusage.googleapis.com/v1/projects/next-inventory-fd1a6/services/firebaseextensions.googleapis.com [none]
[debug] [2024-10-10T03:48:29.776Z] >>> [apiv2][(partial)header] GET https://serviceusage.googleapis.com/v1/projects/next-inventory-fd1a6/services/firebaseextensions.googleapis.com x-goog-quota-user=projects/next-inventory-fd1a6
[debug] [2024-10-10T03:48:30.427Z] <<< [apiv2][status] GET https://serviceusage.googleapis.com/v1/projects/next-inventory-fd1a6/services/firebaseextensions.googleapis.com 200
[debug] [2024-10-10T03:48:30.427Z] <<< [apiv2][body] GET https://serviceusage.googleapis.com/v1/projects/next-inventory-fd1a6/services/firebaseextensions.googleapis.com [omitted]
[info] +  extensions: required API firebaseextensions.googleapis.com is enabled 
[debug] [2024-10-10T03:48:30.441Z] > command requires scopes: ["email","openid","https://www.googleapis.com/auth/cloudplatformprojects.readonly","https://www.googleapis.com/auth/firebase","https://www.googleapis.com/auth/cloud-platform"]
[debug] [2024-10-10T03:48:30.442Z] > authorizing via signed-in user (luisc.herreras@gmail.com)
[debug] [2024-10-10T03:48:30.442Z] [iam] checking project next-inventory-fd1a6 for permissions ["firebase.projects.get","firebaseextensions.instances.list"]
[debug] [2024-10-10T03:48:30.443Z] Checked if tokens are valid: true, expires at: 1728533572125
[debug] [2024-10-10T03:48:30.443Z] Checked if tokens are valid: true, expires at: 1728533572125
[debug] [2024-10-10T03:48:30.444Z] >>> [apiv2][query] POST https://cloudresourcemanager.googleapis.com/v1/projects/next-inventory-fd1a6:testIamPermissions [none]
[debug] [2024-10-10T03:48:30.444Z] >>> [apiv2][(partial)header] POST https://cloudresourcemanager.googleapis.com/v1/projects/next-inventory-fd1a6:testIamPermissions x-goog-quota-user=projects/next-inventory-fd1a6
[debug] [2024-10-10T03:48:30.445Z] >>> [apiv2][body] POST https://cloudresourcemanager.googleapis.com/v1/projects/next-inventory-fd1a6:testIamPermissions {"permissions":["firebase.projects.get","firebaseextensions.instances.list"]}
[debug] [2024-10-10T03:48:30.875Z] <<< [apiv2][status] POST https://cloudresourcemanager.googleapis.com/v1/projects/next-inventory-fd1a6:testIamPermissions 200
[debug] [2024-10-10T03:48:30.876Z] <<< [apiv2][body] POST https://cloudresourcemanager.googleapis.com/v1/projects/next-inventory-fd1a6:testIamPermissions {"permissions":["firebase.projects.get","firebaseextensions.instances.list"]}
[debug] [2024-10-10T03:48:30.878Z] Checked if tokens are valid: true, expires at: 1728533572125
[debug] [2024-10-10T03:48:30.879Z] Checked if tokens are valid: true, expires at: 1728533572125
[debug] [2024-10-10T03:48:30.886Z] >>> [apiv2][query] GET https://firebaseextensions.googleapis.com/v1beta/projects/next-inventory-fd1a6/instances pageSize=100&pageToken=
[debug] [2024-10-10T03:48:32.676Z] <<< [apiv2][status] GET https://firebaseextensions.googleapis.com/v1beta/projects/next-inventory-fd1a6/instances 200
[debug] [2024-10-10T03:48:32.676Z] <<< [apiv2][body] GET https://firebaseextensions.googleapis.com/v1beta/projects/next-inventory-fd1a6/instances {}
[info] i  functions: preparing functions directory for uploading... 
[info] i  functions: packaged C:\Users\Usuario\Documents\Platzi\Next Js\next-inventory\next-inventory-app\functions (86.2 KB) for uploading 
[debug] [2024-10-10T03:48:32.792Z] Checked if tokens are valid: true, expires at: 1728533572125
[debug] [2024-10-10T03:48:32.793Z] Checked if tokens are valid: true, expires at: 1728533572125
[debug] [2024-10-10T03:48:32.793Z] >>> [apiv2][query] GET https://cloudfunctions.googleapis.com/v1/projects/next-inventory-fd1a6/locations/-/functions [none]
[debug] [2024-10-10T03:48:33.643Z] <<< [apiv2][status] GET https://cloudfunctions.googleapis.com/v1/projects/next-inventory-fd1a6/locations/-/functions 200
[debug] [2024-10-10T03:48:33.644Z] <<< [apiv2][body] GET https://cloudfunctions.googleapis.com/v1/projects/next-inventory-fd1a6/locations/-/functions {}
[debug] [2024-10-10T03:48:33.645Z] Checked if tokens are valid: true, expires at: 1728533572125
[debug] [2024-10-10T03:48:33.645Z] Checked if tokens are valid: true, expires at: 1728533572125
[debug] [2024-10-10T03:48:33.645Z] >>> [apiv2][query] GET https://cloudfunctions.googleapis.com/v2/projects/next-inventory-fd1a6/locations/-/functions filter=environment%3D%22GEN_2%22
[debug] [2024-10-10T03:48:34.136Z] <<< [apiv2][status] GET https://cloudfunctions.googleapis.com/v2/projects/next-inventory-fd1a6/locations/-/functions 200
[debug] [2024-10-10T03:48:34.137Z] <<< [apiv2][body] GET https://cloudfunctions.googleapis.com/v2/projects/next-inventory-fd1a6/locations/-/functions {}
[debug] [2024-10-10T03:48:34.167Z] Checked if tokens are valid: true, expires at: 1728533572125
[debug] [2024-10-10T03:48:34.168Z] Checked if tokens are valid: true, expires at: 1728533572125
[debug] [2024-10-10T03:48:34.169Z] >>> [apiv2][query] GET https://firebase.googleapis.com/v1beta1/projects/next-inventory-fd1a6 [none]
[debug] [2024-10-10T03:48:34.477Z] <<< [apiv2][status] GET https://firebase.googleapis.com/v1beta1/projects/next-inventory-fd1a6 200
[debug] [2024-10-10T03:48:34.478Z] <<< [apiv2][body] GET https://firebase.googleapis.com/v1beta1/projects/next-inventory-fd1a6 {"projectId":"next-inventory-fd1a6","projectNumber":"264895563403","displayName":"Next-Inventory","name":"projects/next-inventory-fd1a6","resources":{"hostingSite":"next-inventory-fd1a6","storageBucket":"next-inventory-fd1a6.appspot.com","locationId":"us-central"},"state":"ACTIVE","etag":"1_e1016ae6-74b6-467e-9dd3-1fb7a49d7335"}
[debug] [2024-10-10T03:48:34.484Z] Checked if tokens are valid: true, expires at: 1728533572125
[debug] [2024-10-10T03:48:34.485Z] Checked if tokens are valid: true, expires at: 1728533572125
[debug] [2024-10-10T03:48:34.486Z] >>> [apiv2][query] GET https://cloudbilling.googleapis.com/v1/projects/next-inventory-fd1a6/billingInfo [none]
[debug] [2024-10-10T03:48:34.843Z] <<< [apiv2][status] GET https://cloudbilling.googleapis.com/v1/projects/next-inventory-fd1a6/billingInfo 200
[debug] [2024-10-10T03:48:34.844Z] <<< [apiv2][body] GET https://cloudbilling.googleapis.com/v1/projects/next-inventory-fd1a6/billingInfo {"name":"projects/next-inventory-fd1a6/billingInfo","projectId":"next-inventory-fd1a6","billingAccountName":"billingAccounts/01CEB8-5AF485-C274C4","billingEnabled":true}
[debug] [2024-10-10T03:48:34.850Z] [functions] found 1 new HTTP functions, testing setIamPolicy permission...
[debug] [2024-10-10T03:48:34.851Z] Checked if tokens are valid: true, expires at: 1728533572125
[debug] [2024-10-10T03:48:34.851Z] Checked if tokens are valid: true, expires at: 1728533572125
[debug] [2024-10-10T03:48:34.853Z] >>> [apiv2][query] POST https://cloudresourcemanager.googleapis.com/v1/projects/next-inventory-fd1a6:testIamPermissions [none]
[debug] [2024-10-10T03:48:34.854Z] >>> [apiv2][(partial)header] POST https://cloudresourcemanager.googleapis.com/v1/projects/next-inventory-fd1a6:testIamPermissions x-goog-quota-user=projects/next-inventory-fd1a6
[debug] [2024-10-10T03:48:34.854Z] >>> [apiv2][body] POST https://cloudresourcemanager.googleapis.com/v1/projects/next-inventory-fd1a6:testIamPermissions {"permissions":["cloudfunctions.functions.setIamPolicy"]}
[debug] [2024-10-10T03:48:34.981Z] <<< [apiv2][status] POST https://cloudresourcemanager.googleapis.com/v1/projects/next-inventory-fd1a6:testIamPermissions 200
[debug] [2024-10-10T03:48:34.982Z] <<< [apiv2][body] POST https://cloudresourcemanager.googleapis.com/v1/projects/next-inventory-fd1a6:testIamPermissions {"permissions":["cloudfunctions.functions.setIamPolicy"]}
[debug] [2024-10-10T03:48:34.982Z] [functions] found setIamPolicy permission, proceeding with deploy
[debug] [2024-10-10T03:48:34.985Z] Checked if tokens are valid: true, expires at: 1728533572125
[debug] [2024-10-10T03:48:34.986Z] Checked if tokens are valid: true, expires at: 1728533572125
[debug] [2024-10-10T03:48:34.987Z] >>> [apiv2][query] POST https://cloudfunctions.googleapis.com/v1/projects/next-inventory-fd1a6/locations/us-central1/functions:generateUploadUrl [none]
[debug] [2024-10-10T03:48:34.987Z] >>> [apiv2][body] POST https://cloudfunctions.googleapis.com/v1/projects/next-inventory-fd1a6/locations/us-central1/functions:generateUploadUrl {}
[debug] [2024-10-10T03:48:45.172Z] <<< [apiv2][status] POST https://cloudfunctions.googleapis.com/v1/projects/next-inventory-fd1a6/locations/us-central1/functions:generateUploadUrl 200
[debug] [2024-10-10T03:48:45.172Z] <<< [apiv2][body] POST https://cloudfunctions.googleapis.com/v1/projects/next-inventory-fd1a6/locations/us-central1/functions:generateUploadUrl {"uploadUrl":"https://storage.googleapis.com/uploads-914719470572.us-central1.cloudfunctions.appspot.com/9f973e3a-78bf-4ab6-a355-fe17ff20a527.zip?GoogleAccessId=service-264895563403@gcf-admin-robot.iam.gserviceaccount.com&Expires=1728533924&Signature=LaEIeKR1%2Fbn2nGxuh2teBcxTEK17Faeir9kiM%2FtV8wv8xu1mN4Bfaz6GUWXgWn7HubkzCLB0buH1zJ%2B6lsDHtV0hlh66vAYBtvnVq9K2ECO6540NK1ZxYg2kvXTet4KC8lCSZFcVOnPDUtErfVv2cf%2Fz5iqFnzNR%2FdQ0TPBLrQ8tiaQ7TVtrXBBOukPf69kF7RfIVAzqEc4MXoUGNUbUpwz%2BtRWfVstNUqbNDxv2Q%2Br6fQYXxHO7WoVfKG5%2BxjCbWaH%2FwcDlERvcZGCQ%2FBUNqmn2pqSJGaojTROj2n9Ex65G1IWbys8XkjbslErDbjmjyBc3WBfDIlqWJWo98Ypn3A%3D%3D"}
[debug] [2024-10-10T03:48:45.183Z] >>> [apiv2][query] PUT https://storage.googleapis.com/uploads-914719470572.us-central1.cloudfunctions.appspot.com/9f973e3a-78bf-4ab6-a355-fe17ff20a527.zip GoogleAccessId=service-264895563403%40gcf-admin-robot.iam.gserviceaccount.com&Expires=1728533924&Signature=LaEIeKR1%2Fbn2nGxuh2teBcxTEK17Faeir9kiM%2FtV8wv8xu1mN4Bfaz6GUWXgWn7HubkzCLB0buH1zJ%2B6lsDHtV0hlh66vAYBtvnVq9K2ECO6540NK1ZxYg2kvXTet4KC8lCSZFcVOnPDUtErfVv2cf%2Fz5iqFnzNR%2FdQ0TPBLrQ8tiaQ7TVtrXBBOukPf69kF7RfIVAzqEc4MXoUGNUbUpwz%2BtRWfVstNUqbNDxv2Q%2Br6fQYXxHO7WoVfKG5%2BxjCbWaH%2FwcDlERvcZGCQ%2FBUNqmn2pqSJGaojTROj2n9Ex65G1IWbys8XkjbslErDbjmjyBc3WBfDIlqWJWo98Ypn3A%3D%3D
[debug] [2024-10-10T03:48:45.183Z] >>> [apiv2][body] PUT https://storage.googleapis.com/uploads-914719470572.us-central1.cloudfunctions.appspot.com/9f973e3a-78bf-4ab6-a355-fe17ff20a527.zip [stream]
[debug] [2024-10-10T03:48:45.793Z] <<< [apiv2][status] PUT https://storage.googleapis.com/uploads-914719470572.us-central1.cloudfunctions.appspot.com/9f973e3a-78bf-4ab6-a355-fe17ff20a527.zip 200
[debug] [2024-10-10T03:48:45.794Z] <<< [apiv2][body] PUT https://storage.googleapis.com/uploads-914719470572.us-central1.cloudfunctions.appspot.com/9f973e3a-78bf-4ab6-a355-fe17ff20a527.zip [omitted]
[info] +  functions: functions folder uploaded successfully 
[info] i  functions: creating Node.js 18 (1st Gen) function setSuperUserClaim(us-central1)... 
[debug] [2024-10-10T03:48:45.821Z] Checked if tokens are valid: true, expires at: 1728533572125
[debug] [2024-10-10T03:48:45.822Z] Checked if tokens are valid: true, expires at: 1728533572125
[debug] [2024-10-10T03:48:45.823Z] >>> [apiv2][query] POST https://cloudfunctions.googleapis.com/v1/projects/next-inventory-fd1a6/locations/us-central1/functions [none]
[debug] [2024-10-10T03:48:45.823Z] >>> [apiv2][body] POST https://cloudfunctions.googleapis.com/v1/projects/next-inventory-fd1a6/locations/us-central1/functions {"name":"projects/next-inventory-fd1a6/locations/us-central1/functions/setSuperUserClaim","sourceUploadUrl":"https://storage.googleapis.com/uploads-914719470572.us-central1.cloudfunctions.appspot.com/9f973e3a-78bf-4ab6-a355-fe17ff20a527.zip?GoogleAccessId=service-264895563403@gcf-admin-robot.iam.gserviceaccount.com&Expires=1728533924&Signature=LaEIeKR1%2Fbn2nGxuh2teBcxTEK17Faeir9kiM%2FtV8wv8xu1mN4Bfaz6GUWXgWn7HubkzCLB0buH1zJ%2B6lsDHtV0hlh66vAYBtvnVq9K2ECO6540NK1ZxYg2kvXTet4KC8lCSZFcVOnPDUtErfVv2cf%2Fz5iqFnzNR%2FdQ0TPBLrQ8tiaQ7TVtrXBBOukPf69kF7RfIVAzqEc4MXoUGNUbUpwz%2BtRWfVstNUqbNDxv2Q%2Br6fQYXxHO7WoVfKG5%2BxjCbWaH%2FwcDlERvcZGCQ%2FBUNqmn2pqSJGaojTROj2n9Ex65G1IWbys8XkjbslErDbjmjyBc3WBfDIlqWJWo98Ypn3A%3D%3D","entryPoint":"setSuperUserClaim","runtime":"nodejs18","dockerRegistry":"ARTIFACT_REGISTRY","labels":{"deployment-tool":"cli-firebase","firebase-functions-hash":"3df7301705dc61d6b1ead84bc5934225c9faf6b2"},"httpsTrigger":{"securityLevel":"SECURE_ALWAYS"},"minInstances":null,"maxInstances":null,"ingressSettings":null,"environmentVariables":{"FIREBASE_CONFIG":"{\"projectId\":\"next-inventory-fd1a6\",\"storageBucket\":\"next-inventory-fd1a6.appspot.com\",\"locationId\":\"us-central\"}","GCLOUD_PROJECT":"next-inventory-fd1a6","EVENTARC_CLOUD_EVENT_SOURCE":"projects/next-inventory-fd1a6/locations/us-central1/functions/setSuperUserClaim"},"serviceAccountEmail":null,"availableMemoryMb":null,"timeout":null,"vpcConnector":null,"vpcConnectorEgressSettings":null,"buildEnvironmentVariables":{"GOOGLE_NODE_RUN_SCRIPTS":""}}
[debug] [2024-10-10T03:48:46.271Z] <<< [apiv2][status] POST https://cloudfunctions.googleapis.com/v1/projects/next-inventory-fd1a6/locations/us-central1/functions 403
[debug] [2024-10-10T03:48:46.271Z] <<< [apiv2][body] POST https://cloudfunctions.googleapis.com/v1/projects/next-inventory-fd1a6/locations/us-central1/functions {"error":{"code":403,"message":"Unable to retrieve the repository metadata for projects/next-inventory-fd1a6/locations/us-central1/repositories/gcf-artifacts. Ensure that the Cloud Functions service account has 'artifactregistry.repositories.list' and 'artifactregistry.repositories.get' permissions. You can add the permissions by granting the role 'roles/artifactregistry.reader'.","status":"PERMISSION_DENIED"}}
[warn] !  functions: failed to create function projects/next-inventory-fd1a6/locations/us-central1/functions/setSuperUserClaim 
[error] Failed to create function projects/next-inventory-fd1a6/locations/us-central1/functions/setSuperUserClaim
[debug] [2024-10-10T03:48:46.280Z] Total Function Deployment time: 466
[debug] [2024-10-10T03:48:46.280Z] 1 Functions Deployed
[debug] [2024-10-10T03:48:46.280Z] 1 Functions Errored
[debug] [2024-10-10T03:48:46.280Z] 0 Function Deployments Aborted
[debug] [2024-10-10T03:48:46.280Z] Average Function Deployment time: 461
[info] 
[info] Functions deploy had errors with the following functions:
	setSuperUserClaim(us-central1)
[debug] [2024-10-10T03:48:46.455Z] Not printing URL for HTTPS function. Typically this means it didn't match a filter or we failed deployment
[info] i  functions: cleaning up build files... 
[debug] [2024-10-10T03:48:46.462Z] Checked if tokens are valid: true, expires at: 1728533572125
[debug] [2024-10-10T03:48:46.463Z] Checked if tokens are valid: true, expires at: 1728533572125
[debug] [2024-10-10T03:48:46.468Z] Checked if tokens are valid: true, expires at: 1728533572125
[debug] [2024-10-10T03:48:46.468Z] Checked if tokens are valid: true, expires at: 1728533572125
[debug] [2024-10-10T03:48:46.469Z] >>> [apiv2][query] DELETE https://artifactregistry.googleapis.com/v1beta2/projects/next-inventory-fd1a6/locations/us-central1/repositories/gcf-artifacts/packages/set_super_user_claim [none]
[debug] [2024-10-10T03:48:46.472Z] >>> [apiv2][query] GET https://us.gcr.io/v2/next-inventory-fd1a6/gcf/us-central1/tags/list [none]
[debug] [2024-10-10T03:48:46.967Z] <<< [apiv2][status] DELETE https://artifactregistry.googleapis.com/v1beta2/projects/next-inventory-fd1a6/locations/us-central1/repositories/gcf-artifacts/packages/set_super_user_claim 404
[debug] [2024-10-10T03:48:46.967Z] <<< [apiv2][body] DELETE https://artifactregistry.googleapis.com/v1beta2/projects/next-inventory-fd1a6/locations/us-central1/repositories/gcf-artifacts/packages/set_super_user_claim {"error":{"code":404,"message":"Package \"projects/next-inventory-fd1a6/locations/us-central1/repositories/gcf-artifacts/packages/set_super_user_claim\" was not found.","status":"NOT_FOUND"}}
[debug] [2024-10-10T03:48:47.349Z] <<< [apiv2][status] GET https://us.gcr.io/v2/next-inventory-fd1a6/gcf/us-central1/tags/list 404
[debug] [2024-10-10T03:48:47.350Z] <<< [apiv2][body] GET https://us.gcr.io/v2/next-inventory-fd1a6/gcf/us-central1/tags/list {"errors":[{"code":"NAME_UNKNOWN","message":"Repository \"us.gcr.io\" not found"}]}
[debug] [2024-10-10T03:48:47.351Z] Failed docker command with error  HTTP Error: 404, Not Found {"name":"FirebaseError","children":[],"context":{"body":{"errors":[{"code":"NAME_UNKNOWN","message":"Repository \"us.gcr.io\" not found"}],"error":{"message":"Not Found"}},"response":{"statusCode":404}},"exit":1,"message":"HTTP Error: 404, Not Found","status":404}
[debug] [2024-10-10T03:48:47.353Z] Checked if tokens are valid: true, expires at: 1728533572125
[debug] [2024-10-10T03:48:47.353Z] Checked if tokens are valid: true, expires at: 1728533572125
[debug] [2024-10-10T03:48:47.354Z] >>> [apiv2][query] GET https://us.gcr.io/v2/next-inventory-fd1a6/gcf/us-central1/tags/list [none]
[debug] [2024-10-10T03:48:47.641Z] <<< [apiv2][status] GET https://us.gcr.io/v2/next-inventory-fd1a6/gcf/us-central1/tags/list 404
[debug] [2024-10-10T03:48:47.641Z] <<< [apiv2][body] GET https://us.gcr.io/v2/next-inventory-fd1a6/gcf/us-central1/tags/list {"errors":[{"code":"NAME_UNKNOWN","message":"Repository \"us.gcr.io\" not found"}]}
[debug] [2024-10-10T03:48:47.643Z] Failed docker command with error  HTTP Error: 404, Not Found {"name":"FirebaseError","children":[],"context":{"body":{"errors":[{"code":"NAME_UNKNOWN","message":"Repository \"us.gcr.io\" not found"}],"error":{"message":"Not Found"}},"response":{"statusCode":404}},"exit":1,"message":"HTTP Error: 404, Not Found","status":404}
[debug] [2024-10-10T03:48:47.756Z] Checked if tokens are valid: true, expires at: 1728533572125
[debug] [2024-10-10T03:48:47.757Z] Checked if tokens are valid: true, expires at: 1728533572125
[debug] [2024-10-10T03:48:47.758Z] >>> [apiv2][query] GET https://us.gcr.io/v2/next-inventory-fd1a6/gcf/us-central1/tags/list [none]
[debug] [2024-10-10T03:48:47.967Z] <<< [apiv2][status] GET https://us.gcr.io/v2/next-inventory-fd1a6/gcf/us-central1/tags/list 404
[debug] [2024-10-10T03:48:47.967Z] <<< [apiv2][body] GET https://us.gcr.io/v2/next-inventory-fd1a6/gcf/us-central1/tags/list {"errors":[{"code":"NAME_UNKNOWN","message":"Repository \"us.gcr.io\" not found"}]}
[debug] [2024-10-10T03:48:47.968Z] Failed docker command with error  HTTP Error: 404, Not Found {"name":"FirebaseError","children":[],"context":{"body":{"errors":[{"code":"NAME_UNKNOWN","message":"Repository \"us.gcr.io\" not found"}],"error":{"message":"Not Found"}},"response":{"statusCode":404}},"exit":1,"message":"HTTP Error: 404, Not Found","status":404}
[warn] !  functions: Unhandled error cleaning up build images. This could result in a small monthly bill if not corrected. You can attempt to delete these images by redeploying or you can delete them manually at https://console.cloud.google.com/gcr/images/next-inventory-fd1a6/us/gcf 
[debug] [2024-10-10T03:48:47.973Z] Functions deploy failed.
[debug] [2024-10-10T03:48:47.974Z] {
  "endpoint": {
    "id": "setSuperUserClaim",
    "project": "next-inventory-fd1a6",
    "region": "us-central1",
    "entryPoint": "setSuperUserClaim",
    "platform": "gcfv1",
    "runtime": "nodejs18",
    "httpsTrigger": {},
    "ingressSettings": null,
    "availableMemoryMb": null,
    "serviceAccount": null,
    "timeoutSeconds": null,
    "maxInstances": null,
    "minInstances": null,
    "vpc": null,
    "environmentVariables": {
      "FIREBASE_CONFIG": "{\"projectId\":\"next-inventory-fd1a6\",\"storageBucket\":\"next-inventory-fd1a6.appspot.com\",\"locationId\":\"us-central\"}",
      "GCLOUD_PROJECT": "next-inventory-fd1a6",
      "EVENTARC_CLOUD_EVENT_SOURCE": "projects/next-inventory-fd1a6/locations/us-central1/functions/setSuperUserClaim"
    },
    "codebase": "default",
    "targetedByOnly": false,
    "hash": "3df7301705dc61d6b1ead84bc5934225c9faf6b2",
    "labels": {
      "deployment-tool": "cli-firebase"
    }
  },
  "op": "create",
  "original": {
    "name": "FirebaseError",
    "children": [],
    "context": {
      "function": "projects/next-inventory-fd1a6/locations/us-central1/functions/setSuperUserClaim"
    },
    "exit": 1,
    "message": "Failed to create function projects/next-inventory-fd1a6/locations/us-central1/functions/setSuperUserClaim",
    "original": {
      "name": "FirebaseError",
      "children": [],
      "context": {
        "body": {
          "error": {
            "code": 403,
            "message": "Unable to retrieve the repository metadata for projects/next-inventory-fd1a6/locations/us-central1/repositories/gcf-artifacts. Ensure that the Cloud Functions service account has 'artifactregistry.repositories.list' and 'artifactregistry.repositories.get' permissions. You can add the permissions by granting the role 'roles/artifactregistry.reader'.",
            "status": "PERMISSION_DENIED"
          }
        },
        "response": {
          "statusCode": 403
        }
      },
      "exit": 1,
      "message": "HTTP Error: 403, Unable to retrieve the repository metadata for projects/next-inventory-fd1a6/locations/us-central1/repositories/gcf-artifacts. Ensure that the Cloud Functions service account has 'artifactregistry.repositories.list' and 'artifactregistry.repositories.get' permissions. You can add the permissions by granting the role 'roles/artifactregistry.reader'.",
      "status": 403
    },
    "status": 403,
    "code": 403
  }
}
[debug] [2024-10-10T03:48:48.123Z] Error: Failed to create function setSuperUserClaim in region us-central1
    at C:\Users\Usuario\AppData\Roaming\npm\node_modules\firebase-tools\lib\deploy\functions\release\fabricator.js:52:11
    at process.processTicksAndRejections (node:internal/process/task_queues:95:5)
    at async Fabricator.createV1Function (C:\Users\Usuario\AppData\Roaming\npm\node_modules\firebase-tools\lib\deploy\functions\release\fabricator.js:182:32)
    at async Fabricator.createEndpoint (C:\Users\Usuario\AppData\Roaming\npm\node_modules\firebase-tools\lib\deploy\functions\release\fabricator.js:134:13)
    at async handle (C:\Users\Usuario\AppData\Roaming\npm\node_modules\firebase-tools\lib\deploy\functions\release\fabricator.js:89:17)
[error] 
[error] Error: There was an error deploying functions
